TN:
SF:src/StakingRewards.sol
DA:31,11
FN:31,StakingRewards.constructor
FNDA:11,StakingRewards.constructor
DA:32,11
DA:33,11
DA:34,11
DA:37,8
FN:37,StakingRewards.onlyOwner
FNDA:8,StakingRewards.onlyOwner
DA:38,8
BRDA:38,0,0,1
BRDA:38,0,1,6
DA:42,3
FN:42,StakingRewards.updateReward
FNDA:3,StakingRewards.updateReward
DA:43,3
DA:44,3
DA:46,3
BRDA:46,1,0,3
DA:47,3
DA:48,3
DA:54,2
FN:54,StakingRewards.lastTimeRewardApplicable
FNDA:2,StakingRewards.lastTimeRewardApplicable
DA:55,25
DA:58,0
FN:58,StakingRewards.rewardPerToken
FNDA:0,StakingRewards.rewardPerToken
DA:59,25
BRDA:59,2,0,18
DA:60,18
DA:63,7
DA:66,4
FN:66,StakingRewards.stake
FNDA:4,StakingRewards.stake
DA:67,4
BRDA:67,3,0,1
BRDA:67,3,1,3
DA:68,3
DA:69,3
DA:70,3
DA:73,3
FN:73,StakingRewards.withdraw
FNDA:3,StakingRewards.withdraw
DA:74,3
BRDA:74,4,0,1
BRDA:74,4,1,2
DA:75,2
DA:76,2
DA:77,2
DA:80,1
FN:80,StakingRewards.earned
FNDA:1,StakingRewards.earned
DA:81,9
DA:82,9
DA:85,1
FN:85,StakingRewards.getReward
FNDA:1,StakingRewards.getReward
DA:86,1
DA:87,1
BRDA:87,5,0,1
DA:88,1
DA:89,1
DA:93,7
FN:93,StakingRewards.setRewardsDuration
FNDA:7,StakingRewards.setRewardsDuration
DA:94,6
BRDA:94,6,0,1
BRDA:94,6,1,5
DA:95,5
DA:98,8
FN:98,StakingRewards.notifyRewardAmount
FNDA:8,StakingRewards.notifyRewardAmount
DA:99,8
BRDA:99,7,0,7
BRDA:99,7,1,1
DA:100,7
DA:102,1
DA:103,1
DA:106,8
BRDA:106,8,0,1
BRDA:106,8,1,7
DA:107,7
BRDA:107,9,0,1
BRDA:107,9,1,6
DA:109,6
DA:110,6
DA:113,25
FN:113,StakingRewards._min
FNDA:25,StakingRewards._min
DA:114,25
FNF:12
FNH:11
LF:50
LH:49
BRF:17
BRH:17
end_of_record
